0 info it worked if it ends with ok
1 verbose cli [ '/Users/antonio.ruiz/.nvm/versions/node/v8.9.4/bin/node',
1 verbose cli   '/Users/antonio.ruiz/.nvm/versions/node/v8.9.4/bin/npm',
1 verbose cli   'run',
1 verbose cli   'test:watc' ]
2 info using npm@3.10.10
3 info using node@v8.9.4
4 verbose stack Error: missing script: test:watc
4 verbose stack     at run (/Users/antonio.ruiz/.nvm/versions/node/v8.9.4/lib/node_modules/npm/lib/run-script.js:151:19)
4 verbose stack     at /Users/antonio.ruiz/.nvm/versions/node/v8.9.4/lib/node_modules/npm/lib/run-script.js:61:5
4 verbose stack     at /Users/antonio.ruiz/.nvm/versions/node/v8.9.4/lib/node_modules/npm/node_modules/read-package-json/read-json.js:356:5
4 verbose stack     at checkBinReferences_ (/Users/antonio.ruiz/.nvm/versions/node/v8.9.4/lib/node_modules/npm/node_modules/read-package-json/read-json.js:320:45)
4 verbose stack     at final (/Users/antonio.ruiz/.nvm/versions/node/v8.9.4/lib/node_modules/npm/node_modules/read-package-json/read-json.js:354:3)
4 verbose stack     at then (/Users/antonio.ruiz/.nvm/versions/node/v8.9.4/lib/node_modules/npm/node_modules/read-package-json/read-json.js:124:5)
4 verbose stack     at /Users/antonio.ruiz/.nvm/versions/node/v8.9.4/lib/node_modules/npm/node_modules/read-package-json/read-json.js:311:12
4 verbose stack     at /Users/antonio.ruiz/.nvm/versions/node/v8.9.4/lib/node_modules/npm/node_modules/graceful-fs/graceful-fs.js:78:16
4 verbose stack     at FSReqWrap.readFileAfterClose [as oncomplete] (fs.js:511:3)
5 verbose cwd /Users/antonio.ruiz/Desktop/bank-kata-js
6 error Darwin 17.6.0
7 error argv "/Users/antonio.ruiz/.nvm/versions/node/v8.9.4/bin/node" "/Users/antonio.ruiz/.nvm/versions/node/v8.9.4/bin/npm" "run" "test:watc"
8 error node v8.9.4
9 error npm  v3.10.10
10 error missing script: test:watc
11 error If you need help, you may report this error at:
11 error     <https://github.com/npm/npm/issues>
12 verbose exit [ 1, true ]
